2018-08-24 10:33:28.236  INFO 4840 --- [main] c.k.l.s.chapterzs.ChapterZsApplication   : Starting ChapterZsApplication on pc-PC with PID 4840 (E:\javaLearn\workspace1\chapter-zs\target\classes started by pc in E:\javaLearn\workspace1\chapter-zs)
2018-08-24 10:33:28.236  INFO 4840 --- [main] c.k.l.s.chapterzs.ChapterZsApplication   : The following profiles are active: dev
2018-08-24 10:33:28.283  INFO 4840 --- [main] ationConfigEmbeddedWebApplicationContext : Refreshing org.springframework.boot.context.embedded.AnnotationConfigEmbeddedWebApplicationContext@41ee392b: startup date [Fri Aug 24 10:33:28 CST 2018]; root of context hierarchy
2018-08-24 10:33:28.977  INFO 4840 --- [main] s.b.c.e.t.TomcatEmbeddedServletContainer : Tomcat initialized with port(s): 8888 (http)
2018-08-24 10:33:28.993  INFO 4840 --- [main] o.apache.catalina.core.StandardService   : Starting service [Tomcat]
2018-08-24 10:33:28.993  INFO 4840 --- [main] org.apache.catalina.core.StandardEngine  : Starting Servlet Engine: Apache Tomcat/8.5.32
2018-08-24 10:33:29.056  INFO 4840 --- [localhost-startStop-1] o.a.c.c.C.[Tomcat].[localhost].[/zs]     : Initializing Spring embedded WebApplicationContext
2018-08-24 10:33:29.056  INFO 4840 --- [localhost-startStop-1] o.s.web.context.ContextLoader            : Root WebApplicationContext: initialization completed in 773 ms
2018-08-24 10:33:29.150  INFO 4840 --- [localhost-startStop-1] o.s.b.w.servlet.ServletRegistrationBean  : Mapping servlet: 'dispatcherServlet' to [/]
2018-08-24 10:33:29.166  INFO 4840 --- [localhost-startStop-1] o.s.b.w.servlet.FilterRegistrationBean   : Mapping filter: 'characterEncodingFilter' to: [/*]
2018-08-24 10:33:29.166  INFO 4840 --- [localhost-startStop-1] o.s.b.w.servlet.FilterRegistrationBean   : Mapping filter: 'hiddenHttpMethodFilter' to: [/*]
2018-08-24 10:33:29.166  INFO 4840 --- [localhost-startStop-1] o.s.b.w.servlet.FilterRegistrationBean   : Mapping filter: 'httpPutFormContentFilter' to: [/*]
2018-08-24 10:33:29.166  INFO 4840 --- [localhost-startStop-1] o.s.b.w.servlet.FilterRegistrationBean   : Mapping filter: 'requestContextFilter' to: [/*]
2018-08-24 10:33:29.212 ERROR 4840 --- [main] c.k.l.s.chapterzs.config.ProfileBeam     : dev配置激活了！！
2018-08-24 10:33:29.400  INFO 4840 --- [main] s.w.s.m.m.a.RequestMappingHandlerAdapter : Looking for @ControllerAdvice: org.springframework.boot.context.embedded.AnnotationConfigEmbeddedWebApplicationContext@41ee392b: startup date [Fri Aug 24 10:33:28 CST 2018]; root of context hierarchy
2018-08-24 10:33:29.446  INFO 4840 --- [main] s.w.s.m.m.a.RequestMappingHandlerMapping : Mapped "{[/demo],methods=[GET]}" onto public java.lang.String com.koal.learning.springboot.chapterzs.controller.DemoController.demo()
2018-08-24 10:33:29.446  INFO 4840 --- [main] s.w.s.m.m.a.RequestMappingHandlerMapping : Mapped "{[/error]}" onto public org.springframework.http.ResponseEntity<java.util.Map<java.lang.String, java.lang.Object>> org.springframework.boot.autoconfigure.web.BasicErrorController.error(javax.servlet.http.HttpServletRequest)
2018-08-24 10:33:29.446  INFO 4840 --- [main] s.w.s.m.m.a.RequestMappingHandlerMapping : Mapped "{[/error],produces=[text/html]}" onto public org.springframework.web.servlet.ModelAndView org.springframework.boot.autoconfigure.web.BasicErrorController.errorHtml(javax.servlet.http.HttpServletRequest,javax.servlet.http.HttpServletResponse)
2018-08-24 10:33:29.462  INFO 4840 --- [main] o.s.w.s.handler.SimpleUrlHandlerMapping  : Mapped URL path [/webjars/**] onto handler of type [class org.springframework.web.servlet.resource.ResourceHttpRequestHandler]
2018-08-24 10:33:29.462  INFO 4840 --- [main] o.s.w.s.handler.SimpleUrlHandlerMapping  : Mapped URL path [/**] onto handler of type [class org.springframework.web.servlet.resource.ResourceHttpRequestHandler]
2018-08-24 10:33:29.478  INFO 4840 --- [main] o.s.w.s.handler.SimpleUrlHandlerMapping  : Mapped URL path [/**/favicon.ico] onto handler of type [class org.springframework.web.servlet.resource.ResourceHttpRequestHandler]
2018-08-24 10:33:29.571  INFO 4840 --- [main] o.s.j.e.a.AnnotationMBeanExporter        : Registering beans for JMX exposure on startup
2018-08-24 10:33:29.602 ERROR 4840 --- [main] o.apache.catalina.core.StandardService   : Failed to start connector [Connector[HTTP/1.1-8888]]

org.apache.catalina.LifecycleException: Failed to start component [Connector[HTTP/1.1-8888]]
	at org.apache.catalina.util.LifecycleBase.start(LifecycleBase.java:167) ~[tomcat-embed-core-8.5.32.jar:8.5.32]
	at org.apache.catalina.core.StandardService.addConnector(StandardService.java:225) ~[tomcat-embed-core-8.5.32.jar:8.5.32]
	at org.springframework.boot.context.embedded.tomcat.TomcatEmbeddedServletContainer.addPreviouslyRemovedConnectors(TomcatEmbeddedServletContainer.java:265) [spring-boot-1.5.16.BUILD-SNAPSHOT.jar:1.5.16.BUILD-SNAPSHOT]
	at org.springframework.boot.context.embedded.tomcat.TomcatEmbeddedServletContainer.start(TomcatEmbeddedServletContainer.java:208) [spring-boot-1.5.16.BUILD-SNAPSHOT.jar:1.5.16.BUILD-SNAPSHOT]
	at org.springframework.boot.context.embedded.EmbeddedWebApplicationContext.startEmbeddedServletContainer(EmbeddedWebApplicationContext.java:297) [spring-boot-1.5.16.BUILD-SNAPSHOT.jar:1.5.16.BUILD-SNAPSHOT]
	at org.springframework.boot.context.embedded.EmbeddedWebApplicationContext.finishRefresh(EmbeddedWebApplicationContext.java:145) [spring-boot-1.5.16.BUILD-SNAPSHOT.jar:1.5.16.BUILD-SNAPSHOT]
	at org.springframework.context.support.AbstractApplicationContext.refresh(AbstractApplicationContext.java:546) [spring-context-4.3.18.RELEASE.jar:4.3.18.RELEASE]
	at org.springframework.boot.context.embedded.EmbeddedWebApplicationContext.refresh(EmbeddedWebApplicationContext.java:122) [spring-boot-1.5.16.BUILD-SNAPSHOT.jar:1.5.16.BUILD-SNAPSHOT]
	at org.springframework.boot.SpringApplication.refresh(SpringApplication.java:693) [spring-boot-1.5.16.BUILD-SNAPSHOT.jar:1.5.16.BUILD-SNAPSHOT]
	at org.springframework.boot.SpringApplication.refreshContext(SpringApplication.java:360) [spring-boot-1.5.16.BUILD-SNAPSHOT.jar:1.5.16.BUILD-SNAPSHOT]
	at org.springframework.boot.SpringApplication.run(SpringApplication.java:303) [spring-boot-1.5.16.BUILD-SNAPSHOT.jar:1.5.16.BUILD-SNAPSHOT]
	at org.springframework.boot.SpringApplication.run(SpringApplication.java:1118) [spring-boot-1.5.16.BUILD-SNAPSHOT.jar:1.5.16.BUILD-SNAPSHOT]
	at org.springframework.boot.SpringApplication.run(SpringApplication.java:1107) [spring-boot-1.5.16.BUILD-SNAPSHOT.jar:1.5.16.BUILD-SNAPSHOT]
	at com.koal.learning.springboot.chapterzs.ChapterZsApplication.main(ChapterZsApplication.java:18) [classes/:na]
Caused by: org.apache.catalina.LifecycleException: Protocol handler start failed
	at org.apache.catalina.connector.Connector.startInternal(Connector.java:1020) ~[tomcat-embed-core-8.5.32.jar:8.5.32]
	at org.apache.catalina.util.LifecycleBase.start(LifecycleBase.java:150) ~[tomcat-embed-core-8.5.32.jar:8.5.32]
	... 13 common frames omitted
Caused by: java.net.BindException: Address already in use: bind
	at sun.nio.ch.Net.bind0(Native Method) ~[na:1.8.0_171]
	at sun.nio.ch.Net.bind(Unknown Source) ~[na:1.8.0_171]
	at sun.nio.ch.Net.bind(Unknown Source) ~[na:1.8.0_171]
	at sun.nio.ch.ServerSocketChannelImpl.bind(Unknown Source) ~[na:1.8.0_171]
	at sun.nio.ch.ServerSocketAdaptor.bind(Unknown Source) ~[na:1.8.0_171]
	at org.apache.tomcat.util.net.NioEndpoint.bind(NioEndpoint.java:210) ~[tomcat-embed-core-8.5.32.jar:8.5.32]
	at org.apache.tomcat.util.net.AbstractEndpoint.start(AbstractEndpoint.java:1150) ~[tomcat-embed-core-8.5.32.jar:8.5.32]
	at org.apache.coyote.AbstractProtocol.start(AbstractProtocol.java:591) ~[tomcat-embed-core-8.5.32.jar:8.5.32]
	at org.apache.catalina.connector.Connector.startInternal(Connector.java:1018) ~[tomcat-embed-core-8.5.32.jar:8.5.32]
	... 14 common frames omitted

2018-08-24 10:33:29.602  INFO 4840 --- [main] o.apache.catalina.core.StandardService   : Stopping service [Tomcat]
2018-08-24 10:33:29.618  INFO 4840 --- [main] utoConfigurationReportLoggingInitializer : 

Error starting ApplicationContext. To display the auto-configuration report re-run your application with 'debug' enabled.
2018-08-24 10:33:29.618 ERROR 4840 --- [main] o.s.b.d.LoggingFailureAnalysisReporter   : 

***************************
APPLICATION FAILED TO START
***************************

Description:

The Tomcat connector configured to listen on port 8888 failed to start. The port may already be in use or the connector may be misconfigured.

Action:

Verify the connector's configuration, identify and stop any process that's listening on port 8888, or configure this application to listen on another port.

2018-08-24 10:33:29.634  INFO 4840 --- [main] ationConfigEmbeddedWebApplicationContext : Closing org.springframework.boot.context.embedded.AnnotationConfigEmbeddedWebApplicationContext@41ee392b: startup date [Fri Aug 24 10:33:28 CST 2018]; root of context hierarchy
2018-08-24 10:33:29.634  INFO 4840 --- [main] o.s.j.e.a.AnnotationMBeanExporter        : Unregistering JMX-exposed beans on shutdown
